<?xml version="1.0" encoding="UTF-8"?>
<testsuite xmlns:xsi="http://www.w3.org/2001/XMLSchema-instance" xsi:noNamespaceSchemaLocation="https://maven.apache.org/surefire/maven-surefire-plugin/xsd/surefire-test-report.xsd" name="com.jpabook.jpashop.MemberServiceTest" time="3.336" tests="1" errors="0" skipped="0" failures="1">
  <properties>
    <property name="sun.desktop" value="windows"/>
    <property name="awt.toolkit" value="sun.awt.windows.WToolkit"/>
    <property name="java.specification.version" value="11"/>
    <property name="sun.cpu.isalist" value="amd64"/>
    <property name="sun.jnu.encoding" value="MS949"/>
    <property name="java.class.path" value="c:\Users\mrrie\Desktop\git\learningJPAHibernate\ch11_example_spring_app\jpashop\target\test-classes;c:\Users\mrrie\Desktop\git\learningJPAHibernate\ch11_example_spring_app\jpashop\target\classes;C:\Users\mrrie\.m2\repository\org\springframework\boot\spring-boot-starter-web\2.3.6.RELEASE\spring-boot-starter-web-2.3.6.RELEASE.jar;C:\Users\mrrie\.m2\repository\org\springframework\boot\spring-boot-starter\2.3.6.RELEASE\spring-boot-starter-2.3.6.RELEASE.jar;C:\Users\mrrie\.m2\repository\org\springframework\boot\spring-boot\2.3.6.RELEASE\spring-boot-2.3.6.RELEASE.jar;C:\Users\mrrie\.m2\repository\org\springframework\boot\spring-boot-autoconfigure\2.3.6.RELEASE\spring-boot-autoconfigure-2.3.6.RELEASE.jar;C:\Users\mrrie\.m2\repository\jakarta\annotation\jakarta.annotation-api\1.3.5\jakarta.annotation-api-1.3.5.jar;C:\Users\mrrie\.m2\repository\org\yaml\snakeyaml\1.26\snakeyaml-1.26.jar;C:\Users\mrrie\.m2\repository\org\springframework\boot\spring-boot-starter-json\2.3.6.RELEASE\spring-boot-starter-json-2.3.6.RELEASE.jar;C:\Users\mrrie\.m2\repository\com\fasterxml\jackson\core\jackson-databind\2.11.3\jackson-databind-2.11.3.jar;C:\Users\mrrie\.m2\repository\com\fasterxml\jackson\core\jackson-annotations\2.11.3\jackson-annotations-2.11.3.jar;C:\Users\mrrie\.m2\repository\com\fasterxml\jackson\core\jackson-core\2.11.3\jackson-core-2.11.3.jar;C:\Users\mrrie\.m2\repository\com\fasterxml\jackson\datatype\jackson-datatype-jdk8\2.11.3\jackson-datatype-jdk8-2.11.3.jar;C:\Users\mrrie\.m2\repository\com\fasterxml\jackson\datatype\jackson-datatype-jsr310\2.11.3\jackson-datatype-jsr310-2.11.3.jar;C:\Users\mrrie\.m2\repository\com\fasterxml\jackson\module\jackson-module-parameter-names\2.11.3\jackson-module-parameter-names-2.11.3.jar;C:\Users\mrrie\.m2\repository\org\springframework\boot\spring-boot-starter-tomcat\2.3.6.RELEASE\spring-boot-starter-tomcat-2.3.6.RELEASE.jar;C:\Users\mrrie\.m2\repository\org\apache\tomcat\embed\tomcat-embed-core\9.0.39\tomcat-embed-core-9.0.39.jar;C:\Users\mrrie\.m2\repository\org\glassfish\jakarta.el\3.0.3\jakarta.el-3.0.3.jar;C:\Users\mrrie\.m2\repository\org\apache\tomcat\embed\tomcat-embed-websocket\9.0.39\tomcat-embed-websocket-9.0.39.jar;C:\Users\mrrie\.m2\repository\org\springframework\spring-web\5.2.11.RELEASE\spring-web-5.2.11.RELEASE.jar;C:\Users\mrrie\.m2\repository\org\springframework\spring-webmvc\5.2.11.RELEASE\spring-webmvc-5.2.11.RELEASE.jar;C:\Users\mrrie\.m2\repository\org\springframework\spring-aop\5.2.11.RELEASE\spring-aop-5.2.11.RELEASE.jar;C:\Users\mrrie\.m2\repository\org\springframework\spring-context\5.2.11.RELEASE\spring-context-5.2.11.RELEASE.jar;C:\Users\mrrie\.m2\repository\org\springframework\spring-expression\5.2.11.RELEASE\spring-expression-5.2.11.RELEASE.jar;C:\Users\mrrie\.m2\repository\org\springframework\boot\spring-boot-starter-jdbc\2.3.6.RELEASE\spring-boot-starter-jdbc-2.3.6.RELEASE.jar;C:\Users\mrrie\.m2\repository\com\zaxxer\HikariCP\3.4.5\HikariCP-3.4.5.jar;C:\Users\mrrie\.m2\repository\org\slf4j\slf4j-api\1.7.30\slf4j-api-1.7.30.jar;C:\Users\mrrie\.m2\repository\org\springframework\spring-jdbc\5.2.11.RELEASE\spring-jdbc-5.2.11.RELEASE.jar;C:\Users\mrrie\.m2\repository\org\springframework\boot\spring-boot-starter-test\2.3.6.RELEASE\spring-boot-starter-test-2.3.6.RELEASE.jar;C:\Users\mrrie\.m2\repository\org\springframework\boot\spring-boot-test\2.3.6.RELEASE\spring-boot-test-2.3.6.RELEASE.jar;C:\Users\mrrie\.m2\repository\org\springframework\boot\spring-boot-test-autoconfigure\2.3.6.RELEASE\spring-boot-test-autoconfigure-2.3.6.RELEASE.jar;C:\Users\mrrie\.m2\repository\com\jayway\jsonpath\json-path\2.4.0\json-path-2.4.0.jar;C:\Users\mrrie\.m2\repository\net\minidev\json-smart\2.3\json-smart-2.3.jar;C:\Users\mrrie\.m2\repository\net\minidev\accessors-smart\1.2\accessors-smart-1.2.jar;C:\Users\mrrie\.m2\repository\org\ow2\asm\asm\5.0.4\asm-5.0.4.jar;C:\Users\mrrie\.m2\repository\jakarta\xml\bind\jakarta.xml.bind-api\2.3.3\jakarta.xml.bind-api-2.3.3.jar;C:\Users\mrrie\.m2\repository\jakarta\activation\jakarta.activation-api\1.2.2\jakarta.activation-api-1.2.2.jar;C:\Users\mrrie\.m2\repository\org\assertj\assertj-core\3.16.1\assertj-core-3.16.1.jar;C:\Users\mrrie\.m2\repository\org\hamcrest\hamcrest\2.2\hamcrest-2.2.jar;C:\Users\mrrie\.m2\repository\org\junit\jupiter\junit-jupiter\5.6.3\junit-jupiter-5.6.3.jar;C:\Users\mrrie\.m2\repository\org\junit\jupiter\junit-jupiter-api\5.6.3\junit-jupiter-api-5.6.3.jar;C:\Users\mrrie\.m2\repository\org\opentest4j\opentest4j\1.2.0\opentest4j-1.2.0.jar;C:\Users\mrrie\.m2\repository\org\junit\platform\junit-platform-commons\1.6.3\junit-platform-commons-1.6.3.jar;C:\Users\mrrie\.m2\repository\org\junit\jupiter\junit-jupiter-params\5.6.3\junit-jupiter-params-5.6.3.jar;C:\Users\mrrie\.m2\repository\org\junit\jupiter\junit-jupiter-engine\5.6.3\junit-jupiter-engine-5.6.3.jar;C:\Users\mrrie\.m2\repository\org\junit\vintage\junit-vintage-engine\5.6.3\junit-vintage-engine-5.6.3.jar;C:\Users\mrrie\.m2\repository\org\apiguardian\apiguardian-api\1.1.0\apiguardian-api-1.1.0.jar;C:\Users\mrrie\.m2\repository\org\junit\platform\junit-platform-engine\1.6.3\junit-platform-engine-1.6.3.jar;C:\Users\mrrie\.m2\repository\junit\junit\4.13.1\junit-4.13.1.jar;C:\Users\mrrie\.m2\repository\org\mockito\mockito-core\3.3.3\mockito-core-3.3.3.jar;C:\Users\mrrie\.m2\repository\net\bytebuddy\byte-buddy-agent\1.10.18\byte-buddy-agent-1.10.18.jar;C:\Users\mrrie\.m2\repository\org\objenesis\objenesis\2.6\objenesis-2.6.jar;C:\Users\mrrie\.m2\repository\org\mockito\mockito-junit-jupiter\3.3.3\mockito-junit-jupiter-3.3.3.jar;C:\Users\mrrie\.m2\repository\org\skyscreamer\jsonassert\1.5.0\jsonassert-1.5.0.jar;C:\Users\mrrie\.m2\repository\com\vaadin\external\google\android-json\0.0.20131108.vaadin1\android-json-0.0.20131108.vaadin1.jar;C:\Users\mrrie\.m2\repository\org\springframework\spring-core\5.2.11.RELEASE\spring-core-5.2.11.RELEASE.jar;C:\Users\mrrie\.m2\repository\org\springframework\spring-jcl\5.2.11.RELEASE\spring-jcl-5.2.11.RELEASE.jar;C:\Users\mrrie\.m2\repository\org\springframework\spring-test\5.2.11.RELEASE\spring-test-5.2.11.RELEASE.jar;C:\Users\mrrie\.m2\repository\org\xmlunit\xmlunit-core\2.7.0\xmlunit-core-2.7.0.jar;C:\Users\mrrie\.m2\repository\com\h2database\h2\1.4.200\h2-1.4.200.jar;C:\Users\mrrie\.m2\repository\org\projectlombok\lombok\1.18.16\lombok-1.18.16.jar;C:\Users\mrrie\.m2\repository\org\bgee\log4jdbc-log4j2\log4jdbc-log4j2-jdbc4.1\1.16\log4jdbc-log4j2-jdbc4.1-1.16.jar;C:\Users\mrrie\.m2\repository\com\jayway\restassured\rest-assured\2.3.3\rest-assured-2.3.3.jar;C:\Users\mrrie\.m2\repository\org\codehaus\groovy\groovy\2.5.13\groovy-2.5.13.jar;C:\Users\mrrie\.m2\repository\org\codehaus\groovy\groovy-xml\2.5.13\groovy-xml-2.5.13.jar;C:\Users\mrrie\.m2\repository\org\apache\httpcomponents\httpclient\4.5.13\httpclient-4.5.13.jar;C:\Users\mrrie\.m2\repository\org\apache\httpcomponents\httpcore\4.4.13\httpcore-4.4.13.jar;C:\Users\mrrie\.m2\repository\commons-codec\commons-codec\1.14\commons-codec-1.14.jar;C:\Users\mrrie\.m2\repository\org\apache\httpcomponents\httpmime\4.5.13\httpmime-4.5.13.jar;C:\Users\mrrie\.m2\repository\org\hamcrest\hamcrest-core\2.2\hamcrest-core-2.2.jar;C:\Users\mrrie\.m2\repository\org\hamcrest\hamcrest-library\2.2\hamcrest-library-2.2.jar;C:\Users\mrrie\.m2\repository\org\ccil\cowan\tagsoup\tagsoup\1.2.1\tagsoup-1.2.1.jar;C:\Users\mrrie\.m2\repository\com\jayway\restassured\json-path\2.3.3\json-path-2.3.3.jar;C:\Users\mrrie\.m2\repository\org\codehaus\groovy\groovy-json\2.5.13\groovy-json-2.5.13.jar;C:\Users\mrrie\.m2\repository\com\jayway\restassured\rest-assured-common\2.3.3\rest-assured-common-2.3.3.jar;C:\Users\mrrie\.m2\repository\com\jayway\restassured\xml-path\2.3.3\xml-path-2.3.3.jar;C:\Users\mrrie\.m2\repository\org\apache\commons\commons-lang3\3.10\commons-lang3-3.10.jar;C:\Users\mrrie\.m2\repository\org\springframework\spring-orm\5.2.11.RELEASE\spring-orm-5.2.11.RELEASE.jar;C:\Users\mrrie\.m2\repository\org\springframework\spring-beans\5.2.11.RELEASE\spring-beans-5.2.11.RELEASE.jar;C:\Users\mrrie\.m2\repository\org\springframework\spring-tx\5.2.11.RELEASE\spring-tx-5.2.11.RELEASE.jar;C:\Users\mrrie\.m2\repository\org\hibernate\hibernate-entitymanager\5.4.24.Final\hibernate-entitymanager-5.4.24.Final.jar;C:\Users\mrrie\.m2\repository\org\jboss\logging\jboss-logging\3.4.1.Final\jboss-logging-3.4.1.Final.jar;C:\Users\mrrie\.m2\repository\org\hibernate\hibernate-core\5.4.23.Final\hibernate-core-5.4.23.Final.jar;C:\Users\mrrie\.m2\repository\org\javassist\javassist\3.24.0-GA\javassist-3.24.0-GA.jar;C:\Users\mrrie\.m2\repository\antlr\antlr\2.7.7\antlr-2.7.7.jar;C:\Users\mrrie\.m2\repository\org\jboss\jandex\2.1.3.Final\jandex-2.1.3.Final.jar;C:\Users\mrrie\.m2\repository\com\fasterxml\classmate\1.5.1\classmate-1.5.1.jar;C:\Users\mrrie\.m2\repository\javax\activation\javax.activation-api\1.2.0\javax.activation-api-1.2.0.jar;C:\Users\mrrie\.m2\repository\javax\xml\bind\jaxb-api\2.3.1\jaxb-api-2.3.1.jar;C:\Users\mrrie\.m2\repository\org\glassfish\jaxb\jaxb-runtime\2.3.3\jaxb-runtime-2.3.3.jar;C:\Users\mrrie\.m2\repository\org\glassfish\jaxb\txw2\2.3.3\txw2-2.3.3.jar;C:\Users\mrrie\.m2\repository\com\sun\istack\istack-commons-runtime\3.0.11\istack-commons-runtime-3.0.11.jar;C:\Users\mrrie\.m2\repository\com\sun\activation\jakarta.activation\1.2.2\jakarta.activation-1.2.2.jar;C:\Users\mrrie\.m2\repository\org\dom4j\dom4j\2.1.3\dom4j-2.1.3.jar;C:\Users\mrrie\.m2\repository\org\hibernate\common\hibernate-commons-annotations\5.1.2.Final\hibernate-commons-annotations-5.1.2.Final.jar;C:\Users\mrrie\.m2\repository\javax\persistence\javax.persistence-api\2.2\javax.persistence-api-2.2.jar;C:\Users\mrrie\.m2\repository\net\bytebuddy\byte-buddy\1.10.18\byte-buddy-1.10.18.jar;C:\Users\mrrie\.m2\repository\org\jboss\spec\javax\transaction\jboss-transaction-api_1.2_spec\1.1.1.Final\jboss-transaction-api_1.2_spec-1.1.1.Final.jar;C:\Users\mrrie\.m2\repository\mysql\mysql-connector-java\8.0.22\mysql-connector-java-8.0.22.jar;C:\Users\mrrie\.m2\repository\org\springframework\boot\spring-boot-starter-log4j2\2.3.6.RELEASE\spring-boot-starter-log4j2-2.3.6.RELEASE.jar;C:\Users\mrrie\.m2\repository\org\apache\logging\log4j\log4j-slf4j-impl\2.13.3\log4j-slf4j-impl-2.13.3.jar;C:\Users\mrrie\.m2\repository\org\apache\logging\log4j\log4j-api\2.13.3\log4j-api-2.13.3.jar;C:\Users\mrrie\.m2\repository\org\apache\logging\log4j\log4j-core\2.13.3\log4j-core-2.13.3.jar;C:\Users\mrrie\.m2\repository\org\apache\logging\log4j\log4j-jul\2.13.3\log4j-jul-2.13.3.jar;C:\Users\mrrie\.m2\repository\org\slf4j\jul-to-slf4j\1.7.30\jul-to-slf4j-1.7.30.jar;"/>
    <property name="java.vm.vendor" value="Oracle Corporation"/>
    <property name="sun.arch.data.model" value="64"/>
    <property name="user.variant" value=""/>
    <property name="java.vendor.url" value="http://java.oracle.com/"/>
    <property name="user.timezone" value="Asia/Seoul"/>
    <property name="java.vm.specification.version" value="11"/>
    <property name="os.name" value="Windows 10"/>
    <property name="sun.java.launcher" value="SUN_STANDARD"/>
    <property name="user.country" value="KR"/>
    <property name="sun.boot.library.path" value="C:\Program Files\ojdkbuild\java-11-openjdk-11.0.7-1\bin"/>
    <property name="sun.java.command" value="C:\Users\mrrie\AppData\Local\Temp\surefire4859317677921923969\surefirebooter16880849268852472492.jar C:\Users\mrrie\AppData\Local\Temp\surefire4859317677921923969 2020-12-05T15-41-02_144-jvmRun1 surefire5557969715023294154tmp surefire_012458739030025884274tmp"/>
    <property name="jdk.debug" value="release"/>
    <property name="surefire.test.class.path" value="c:\Users\mrrie\Desktop\git\learningJPAHibernate\ch11_example_spring_app\jpashop\target\test-classes;c:\Users\mrrie\Desktop\git\learningJPAHibernate\ch11_example_spring_app\jpashop\target\classes;C:\Users\mrrie\.m2\repository\org\springframework\boot\spring-boot-starter-web\2.3.6.RELEASE\spring-boot-starter-web-2.3.6.RELEASE.jar;C:\Users\mrrie\.m2\repository\org\springframework\boot\spring-boot-starter\2.3.6.RELEASE\spring-boot-starter-2.3.6.RELEASE.jar;C:\Users\mrrie\.m2\repository\org\springframework\boot\spring-boot\2.3.6.RELEASE\spring-boot-2.3.6.RELEASE.jar;C:\Users\mrrie\.m2\repository\org\springframework\boot\spring-boot-autoconfigure\2.3.6.RELEASE\spring-boot-autoconfigure-2.3.6.RELEASE.jar;C:\Users\mrrie\.m2\repository\jakarta\annotation\jakarta.annotation-api\1.3.5\jakarta.annotation-api-1.3.5.jar;C:\Users\mrrie\.m2\repository\org\yaml\snakeyaml\1.26\snakeyaml-1.26.jar;C:\Users\mrrie\.m2\repository\org\springframework\boot\spring-boot-starter-json\2.3.6.RELEASE\spring-boot-starter-json-2.3.6.RELEASE.jar;C:\Users\mrrie\.m2\repository\com\fasterxml\jackson\core\jackson-databind\2.11.3\jackson-databind-2.11.3.jar;C:\Users\mrrie\.m2\repository\com\fasterxml\jackson\core\jackson-annotations\2.11.3\jackson-annotations-2.11.3.jar;C:\Users\mrrie\.m2\repository\com\fasterxml\jackson\core\jackson-core\2.11.3\jackson-core-2.11.3.jar;C:\Users\mrrie\.m2\repository\com\fasterxml\jackson\datatype\jackson-datatype-jdk8\2.11.3\jackson-datatype-jdk8-2.11.3.jar;C:\Users\mrrie\.m2\repository\com\fasterxml\jackson\datatype\jackson-datatype-jsr310\2.11.3\jackson-datatype-jsr310-2.11.3.jar;C:\Users\mrrie\.m2\repository\com\fasterxml\jackson\module\jackson-module-parameter-names\2.11.3\jackson-module-parameter-names-2.11.3.jar;C:\Users\mrrie\.m2\repository\org\springframework\boot\spring-boot-starter-tomcat\2.3.6.RELEASE\spring-boot-starter-tomcat-2.3.6.RELEASE.jar;C:\Users\mrrie\.m2\repository\org\apache\tomcat\embed\tomcat-embed-core\9.0.39\tomcat-embed-core-9.0.39.jar;C:\Users\mrrie\.m2\repository\org\glassfish\jakarta.el\3.0.3\jakarta.el-3.0.3.jar;C:\Users\mrrie\.m2\repository\org\apache\tomcat\embed\tomcat-embed-websocket\9.0.39\tomcat-embed-websocket-9.0.39.jar;C:\Users\mrrie\.m2\repository\org\springframework\spring-web\5.2.11.RELEASE\spring-web-5.2.11.RELEASE.jar;C:\Users\mrrie\.m2\repository\org\springframework\spring-webmvc\5.2.11.RELEASE\spring-webmvc-5.2.11.RELEASE.jar;C:\Users\mrrie\.m2\repository\org\springframework\spring-aop\5.2.11.RELEASE\spring-aop-5.2.11.RELEASE.jar;C:\Users\mrrie\.m2\repository\org\springframework\spring-context\5.2.11.RELEASE\spring-context-5.2.11.RELEASE.jar;C:\Users\mrrie\.m2\repository\org\springframework\spring-expression\5.2.11.RELEASE\spring-expression-5.2.11.RELEASE.jar;C:\Users\mrrie\.m2\repository\org\springframework\boot\spring-boot-starter-jdbc\2.3.6.RELEASE\spring-boot-starter-jdbc-2.3.6.RELEASE.jar;C:\Users\mrrie\.m2\repository\com\zaxxer\HikariCP\3.4.5\HikariCP-3.4.5.jar;C:\Users\mrrie\.m2\repository\org\slf4j\slf4j-api\1.7.30\slf4j-api-1.7.30.jar;C:\Users\mrrie\.m2\repository\org\springframework\spring-jdbc\5.2.11.RELEASE\spring-jdbc-5.2.11.RELEASE.jar;C:\Users\mrrie\.m2\repository\org\springframework\boot\spring-boot-starter-test\2.3.6.RELEASE\spring-boot-starter-test-2.3.6.RELEASE.jar;C:\Users\mrrie\.m2\repository\org\springframework\boot\spring-boot-test\2.3.6.RELEASE\spring-boot-test-2.3.6.RELEASE.jar;C:\Users\mrrie\.m2\repository\org\springframework\boot\spring-boot-test-autoconfigure\2.3.6.RELEASE\spring-boot-test-autoconfigure-2.3.6.RELEASE.jar;C:\Users\mrrie\.m2\repository\com\jayway\jsonpath\json-path\2.4.0\json-path-2.4.0.jar;C:\Users\mrrie\.m2\repository\net\minidev\json-smart\2.3\json-smart-2.3.jar;C:\Users\mrrie\.m2\repository\net\minidev\accessors-smart\1.2\accessors-smart-1.2.jar;C:\Users\mrrie\.m2\repository\org\ow2\asm\asm\5.0.4\asm-5.0.4.jar;C:\Users\mrrie\.m2\repository\jakarta\xml\bind\jakarta.xml.bind-api\2.3.3\jakarta.xml.bind-api-2.3.3.jar;C:\Users\mrrie\.m2\repository\jakarta\activation\jakarta.activation-api\1.2.2\jakarta.activation-api-1.2.2.jar;C:\Users\mrrie\.m2\repository\org\assertj\assertj-core\3.16.1\assertj-core-3.16.1.jar;C:\Users\mrrie\.m2\repository\org\hamcrest\hamcrest\2.2\hamcrest-2.2.jar;C:\Users\mrrie\.m2\repository\org\junit\jupiter\junit-jupiter\5.6.3\junit-jupiter-5.6.3.jar;C:\Users\mrrie\.m2\repository\org\junit\jupiter\junit-jupiter-api\5.6.3\junit-jupiter-api-5.6.3.jar;C:\Users\mrrie\.m2\repository\org\opentest4j\opentest4j\1.2.0\opentest4j-1.2.0.jar;C:\Users\mrrie\.m2\repository\org\junit\platform\junit-platform-commons\1.6.3\junit-platform-commons-1.6.3.jar;C:\Users\mrrie\.m2\repository\org\junit\jupiter\junit-jupiter-params\5.6.3\junit-jupiter-params-5.6.3.jar;C:\Users\mrrie\.m2\repository\org\junit\jupiter\junit-jupiter-engine\5.6.3\junit-jupiter-engine-5.6.3.jar;C:\Users\mrrie\.m2\repository\org\junit\vintage\junit-vintage-engine\5.6.3\junit-vintage-engine-5.6.3.jar;C:\Users\mrrie\.m2\repository\org\apiguardian\apiguardian-api\1.1.0\apiguardian-api-1.1.0.jar;C:\Users\mrrie\.m2\repository\org\junit\platform\junit-platform-engine\1.6.3\junit-platform-engine-1.6.3.jar;C:\Users\mrrie\.m2\repository\junit\junit\4.13.1\junit-4.13.1.jar;C:\Users\mrrie\.m2\repository\org\mockito\mockito-core\3.3.3\mockito-core-3.3.3.jar;C:\Users\mrrie\.m2\repository\net\bytebuddy\byte-buddy-agent\1.10.18\byte-buddy-agent-1.10.18.jar;C:\Users\mrrie\.m2\repository\org\objenesis\objenesis\2.6\objenesis-2.6.jar;C:\Users\mrrie\.m2\repository\org\mockito\mockito-junit-jupiter\3.3.3\mockito-junit-jupiter-3.3.3.jar;C:\Users\mrrie\.m2\repository\org\skyscreamer\jsonassert\1.5.0\jsonassert-1.5.0.jar;C:\Users\mrrie\.m2\repository\com\vaadin\external\google\android-json\0.0.20131108.vaadin1\android-json-0.0.20131108.vaadin1.jar;C:\Users\mrrie\.m2\repository\org\springframework\spring-core\5.2.11.RELEASE\spring-core-5.2.11.RELEASE.jar;C:\Users\mrrie\.m2\repository\org\springframework\spring-jcl\5.2.11.RELEASE\spring-jcl-5.2.11.RELEASE.jar;C:\Users\mrrie\.m2\repository\org\springframework\spring-test\5.2.11.RELEASE\spring-test-5.2.11.RELEASE.jar;C:\Users\mrrie\.m2\repository\org\xmlunit\xmlunit-core\2.7.0\xmlunit-core-2.7.0.jar;C:\Users\mrrie\.m2\repository\com\h2database\h2\1.4.200\h2-1.4.200.jar;C:\Users\mrrie\.m2\repository\org\projectlombok\lombok\1.18.16\lombok-1.18.16.jar;C:\Users\mrrie\.m2\repository\org\bgee\log4jdbc-log4j2\log4jdbc-log4j2-jdbc4.1\1.16\log4jdbc-log4j2-jdbc4.1-1.16.jar;C:\Users\mrrie\.m2\repository\com\jayway\restassured\rest-assured\2.3.3\rest-assured-2.3.3.jar;C:\Users\mrrie\.m2\repository\org\codehaus\groovy\groovy\2.5.13\groovy-2.5.13.jar;C:\Users\mrrie\.m2\repository\org\codehaus\groovy\groovy-xml\2.5.13\groovy-xml-2.5.13.jar;C:\Users\mrrie\.m2\repository\org\apache\httpcomponents\httpclient\4.5.13\httpclient-4.5.13.jar;C:\Users\mrrie\.m2\repository\org\apache\httpcomponents\httpcore\4.4.13\httpcore-4.4.13.jar;C:\Users\mrrie\.m2\repository\commons-codec\commons-codec\1.14\commons-codec-1.14.jar;C:\Users\mrrie\.m2\repository\org\apache\httpcomponents\httpmime\4.5.13\httpmime-4.5.13.jar;C:\Users\mrrie\.m2\repository\org\hamcrest\hamcrest-core\2.2\hamcrest-core-2.2.jar;C:\Users\mrrie\.m2\repository\org\hamcrest\hamcrest-library\2.2\hamcrest-library-2.2.jar;C:\Users\mrrie\.m2\repository\org\ccil\cowan\tagsoup\tagsoup\1.2.1\tagsoup-1.2.1.jar;C:\Users\mrrie\.m2\repository\com\jayway\restassured\json-path\2.3.3\json-path-2.3.3.jar;C:\Users\mrrie\.m2\repository\org\codehaus\groovy\groovy-json\2.5.13\groovy-json-2.5.13.jar;C:\Users\mrrie\.m2\repository\com\jayway\restassured\rest-assured-common\2.3.3\rest-assured-common-2.3.3.jar;C:\Users\mrrie\.m2\repository\com\jayway\restassured\xml-path\2.3.3\xml-path-2.3.3.jar;C:\Users\mrrie\.m2\repository\org\apache\commons\commons-lang3\3.10\commons-lang3-3.10.jar;C:\Users\mrrie\.m2\repository\org\springframework\spring-orm\5.2.11.RELEASE\spring-orm-5.2.11.RELEASE.jar;C:\Users\mrrie\.m2\repository\org\springframework\spring-beans\5.2.11.RELEASE\spring-beans-5.2.11.RELEASE.jar;C:\Users\mrrie\.m2\repository\org\springframework\spring-tx\5.2.11.RELEASE\spring-tx-5.2.11.RELEASE.jar;C:\Users\mrrie\.m2\repository\org\hibernate\hibernate-entitymanager\5.4.24.Final\hibernate-entitymanager-5.4.24.Final.jar;C:\Users\mrrie\.m2\repository\org\jboss\logging\jboss-logging\3.4.1.Final\jboss-logging-3.4.1.Final.jar;C:\Users\mrrie\.m2\repository\org\hibernate\hibernate-core\5.4.23.Final\hibernate-core-5.4.23.Final.jar;C:\Users\mrrie\.m2\repository\org\javassist\javassist\3.24.0-GA\javassist-3.24.0-GA.jar;C:\Users\mrrie\.m2\repository\antlr\antlr\2.7.7\antlr-2.7.7.jar;C:\Users\mrrie\.m2\repository\org\jboss\jandex\2.1.3.Final\jandex-2.1.3.Final.jar;C:\Users\mrrie\.m2\repository\com\fasterxml\classmate\1.5.1\classmate-1.5.1.jar;C:\Users\mrrie\.m2\repository\javax\activation\javax.activation-api\1.2.0\javax.activation-api-1.2.0.jar;C:\Users\mrrie\.m2\repository\javax\xml\bind\jaxb-api\2.3.1\jaxb-api-2.3.1.jar;C:\Users\mrrie\.m2\repository\org\glassfish\jaxb\jaxb-runtime\2.3.3\jaxb-runtime-2.3.3.jar;C:\Users\mrrie\.m2\repository\org\glassfish\jaxb\txw2\2.3.3\txw2-2.3.3.jar;C:\Users\mrrie\.m2\repository\com\sun\istack\istack-commons-runtime\3.0.11\istack-commons-runtime-3.0.11.jar;C:\Users\mrrie\.m2\repository\com\sun\activation\jakarta.activation\1.2.2\jakarta.activation-1.2.2.jar;C:\Users\mrrie\.m2\repository\org\dom4j\dom4j\2.1.3\dom4j-2.1.3.jar;C:\Users\mrrie\.m2\repository\org\hibernate\common\hibernate-commons-annotations\5.1.2.Final\hibernate-commons-annotations-5.1.2.Final.jar;C:\Users\mrrie\.m2\repository\javax\persistence\javax.persistence-api\2.2\javax.persistence-api-2.2.jar;C:\Users\mrrie\.m2\repository\net\bytebuddy\byte-buddy\1.10.18\byte-buddy-1.10.18.jar;C:\Users\mrrie\.m2\repository\org\jboss\spec\javax\transaction\jboss-transaction-api_1.2_spec\1.1.1.Final\jboss-transaction-api_1.2_spec-1.1.1.Final.jar;C:\Users\mrrie\.m2\repository\mysql\mysql-connector-java\8.0.22\mysql-connector-java-8.0.22.jar;C:\Users\mrrie\.m2\repository\org\springframework\boot\spring-boot-starter-log4j2\2.3.6.RELEASE\spring-boot-starter-log4j2-2.3.6.RELEASE.jar;C:\Users\mrrie\.m2\repository\org\apache\logging\log4j\log4j-slf4j-impl\2.13.3\log4j-slf4j-impl-2.13.3.jar;C:\Users\mrrie\.m2\repository\org\apache\logging\log4j\log4j-api\2.13.3\log4j-api-2.13.3.jar;C:\Users\mrrie\.m2\repository\org\apache\logging\log4j\log4j-core\2.13.3\log4j-core-2.13.3.jar;C:\Users\mrrie\.m2\repository\org\apache\logging\log4j\log4j-jul\2.13.3\log4j-jul-2.13.3.jar;C:\Users\mrrie\.m2\repository\org\slf4j\jul-to-slf4j\1.7.30\jul-to-slf4j-1.7.30.jar;"/>
    <property name="sun.cpu.endian" value="little"/>
    <property name="user.home" value="C:\Users\mrrie"/>
    <property name="user.language" value="ko"/>
    <property name="java.specification.vendor" value="Oracle Corporation"/>
    <property name="java.version.date" value="2020-04-14"/>
    <property name="java.home" value="C:\Program Files\ojdkbuild\java-11-openjdk-11.0.7-1"/>
    <property name="file.separator" value="\"/>
    <property name="basedir" value="c:\Users\mrrie\Desktop\git\learningJPAHibernate\ch11_example_spring_app\jpashop"/>
    <property name="java.vm.compressedOopsMode" value="Zero based"/>
    <property name="line.separator" value="&#10;"/>
    <property name="java.specification.name" value="Java Platform API Specification"/>
    <property name="java.vm.specification.vendor" value="Oracle Corporation"/>
    <property name="java.awt.graphicsenv" value="sun.awt.Win32GraphicsEnvironment"/>
    <property name="surefire.real.class.path" value="C:\Users\mrrie\AppData\Local\Temp\surefire4859317677921923969\surefirebooter16880849268852472492.jar"/>
    <property name="user.script" value=""/>
    <property name="sun.management.compiler" value="HotSpot 64-Bit Tiered Compilers"/>
    <property name="java.runtime.version" value="11.0.7+10-LTS"/>
    <property name="user.name" value="mrrie"/>
    <property name="path.separator" value=";"/>
    <property name="os.version" value="10.0"/>
    <property name="java.runtime.name" value="OpenJDK Runtime Environment"/>
    <property name="file.encoding" value="MS949"/>
    <property name="java.vm.name" value="OpenJDK 64-Bit Server VM"/>
    <property name="java.vendor.version" value="18.9"/>
    <property name="localRepository" value="C:\Users\mrrie\.m2\repository"/>
    <property name="java.vendor.url.bug" value="http://bugreport.java.com/bugreport/"/>
    <property name="java.io.tmpdir" value="C:\Users\mrrie\AppData\Local\Temp\"/>
    <property name="java.version" value="11.0.7"/>
    <property name="user.dir" value="c:\Users\mrrie\Desktop\git\learningJPAHibernate\ch11_example_spring_app\jpashop"/>
    <property name="os.arch" value="amd64"/>
    <property name="java.vm.specification.name" value="Java Virtual Machine Specification"/>
    <property name="java.awt.printerjob" value="sun.awt.windows.WPrinterJob"/>
    <property name="sun.os.patch.level" value=""/>
    <property name="java.library.path" value="C:\Program Files\ojdkbuild\java-11-openjdk-11.0.7-1\bin;C:\WINDOWS\Sun\Java\bin;C:\WINDOWS\system32;C:\WINDOWS;C:\Users\mrrie\bin;C:\Program Files\Git\mingw64\bin;C:\Program Files\Git\usr\local\bin;C:\Program Files\Git\usr\bin;C:\Program Files\Git\usr\bin;C:\Program Files\Git\mingw64\bin;C:\Program Files\Git\usr\bin;C:\Users\mrrie\bin;C:\WINDOWS\system32;C:\WINDOWS;C:\WINDOWS\System32\Wbem;C:\WINDOWS\System32\WindowsPowerShell\v1.0;C:\WINDOWS\System32\OpenSSH;C:\Program Files\ojdkbuild\java-1.8.0-openjdk-1.8.0.252-2\bin;C:\Program Files\ojdkbuild\java-1.8.0-openjdk-1.8.0.252-2\jre\bin;C:\MinGW\bin;C:\apache-maven-3.6.3\bin;C:\Program Files\ojdkbuild\java-11-openjdk-11.0.7-1\bin;C:\Program Files\nodejs;C:\Program Files\Git\cmd;C:\Program Files\dotnet;C:\Users\mrrie\AppData\Local\Microsoft\WindowsApps;C:\Users\mrrie\AppData\Local\Programs\Microsoft VS Code\bin;C:\Users\mrrie\AppData\Roaming\npm;C:\Users\mrrie\AppData\Local\Google\Cloud SDK\google-cloud-sdk\bin;C:\Users\mrrie\.dotnet\tools;C:\Program Files\Git\usr\bin\vendor_perl;C:\Program Files\Git\usr\bin\core_perl;."/>
    <property name="java.vendor" value="Oracle Corporation"/>
    <property name="java.vm.info" value="mixed mode"/>
    <property name="java.vm.version" value="11.0.7+10-LTS"/>
    <property name="sun.io.unicode.encoding" value="UnicodeLittle"/>
    <property name="java.class.version" value="55.0"/>
  </properties>
  <testcase name="회원가입" classname="com.jpabook.jpashop.MemberServiceTest" time="0.3">
    <failure message="expected: &lt;Member(id=1, name=kim, address=null, orders=[])&gt; but was: &lt;com.jpabook.jpashop.domain.Member@70c99e13&gt;" type="org.opentest4j.AssertionFailedError"><![CDATA[org.opentest4j.AssertionFailedError: expected: <Member(id=1, name=kim, address=null, orders=[])> but was: <com.jpabook.jpashop.domain.Member@70c99e13>
	at com.jpabook.jpashop.MemberServiceTest.회원가입(MemberServiceTest.java:46)
]]></failure>
    <system-out><![CDATA[
  .   ____          _            __ _ _
 /\\ / ___'_ __ _ _(_)_ __  __ _ \ \ \ \
( ( )\___ | '_ | '_| | '_ \/ _` | \ \ \ \
 \\/  ___)| |_)| | | | | || (_| |  ) ) ) )
  '  |____| .__|_| |_|_| |_\__, | / / / /
 =========|_|==============|___/=/_/_/_/
 :: Spring Boot ::        (v2.3.6.RELEASE)

2020-12-05 15:41:03.587  INFO 1560 --- [           main] c.j.j.MemberServiceTest                  : Starting MemberServiceTest on DESKTOP-8UTUNDJ with PID 1560 (started by mrrie in c:\Users\mrrie\Desktop\git\learningJPAHibernate\ch11_example_spring_app\jpashop)
2020-12-05 15:41:03.596  INFO 1560 --- [           main] c.j.j.MemberServiceTest                  : No active profile set, falling back to default profiles: default
2020-12-05 15:41:04.262  INFO 1560 --- [           main] trationDelegate$BeanPostProcessorChecker : Bean 'persistenceJPAConfig' of type [com.jpabook.jpashop.PersistenceJPAConfig$$EnhancerBySpringCGLIB$$aafbe95d] is not eligible for getting processed by all BeanPostProcessors (for example: not eligible for auto-proxying)
2020-12-05 15:41:04.289  INFO 1560 --- [           main] c.j.j.PersistenceJPAConfig               : 엔티티매니저 팩토리 생성
2020-12-05 15:41:04.293  INFO 1560 --- [           main] c.j.j.PersistenceJPAConfig               : 히카리 데이터소스 생성
2020-12-05 15:41:04.432  INFO 1560 --- [           main] o.h.j.i.u.LogHelper                      : HHH000204: Processing PersistenceUnitInfo [name: default]
2020-12-05 15:41:04.490  INFO 1560 --- [           main] o.h.Version                              : HHH000412: Hibernate ORM core version 5.4.23.Final
2020-12-05 15:41:04.616  INFO 1560 --- [           main] o.h.a.c.Version                          : HCANN000001: Hibernate Commons Annotations {5.1.2.Final}
2020-12-05 15:41:04.805  INFO 1560 --- [           main] c.z.h.HikariDataSource                   : HikariPool-1 - Starting...
2020-12-05 15:41:05.108  INFO 1560 --- [           main] c.z.h.HikariDataSource                   : HikariPool-1 - Start completed.
2020-12-05 15:41:05.124  INFO 1560 --- [           main] o.h.d.Dialect                            : HHH000400: Using dialect: org.hibernate.dialect.MySQL8Dialect
2020-12-05 15:41:05.833  INFO 1560 --- [           main] o.h.e.t.j.p.i.JtaPlatformInitiator       : HHH000490: Using JtaPlatform implementation: [org.hibernate.engine.transaction.jta.platform.internal.NoJtaPlatform]
2020-12-05 15:41:05.840  INFO 1560 --- [           main] j.LocalContainerEntityManagerFactoryBean : Initialized JPA EntityManagerFactory for persistence unit 'default'
2020-12-05 15:41:06.022  INFO 1560 --- [           main] c.j.j.MvcConfig                          : 뷰 리졸버 생성
2020-12-05 15:41:06.043  INFO 1560 --- [           main] c.j.j.PersistenceJPAConfig               : 트랜잭션 매니저 생성
2020-12-05 15:41:06.322  INFO 1560 --- [           main] c.j.j.MemberServiceTest                  : Started MemberServiceTest in 3.0 seconds (JVM running for 3.97)
]]></system-out>
    <system-err><![CDATA[Loading class `com.mysql.jdbc.Driver'. This is deprecated. The new driver class is `com.mysql.cj.jdbc.Driver'. The driver is automatically registered via the SPI and manual loading of the driver class is generally unnecessary.
]]></system-err>
  </testcase>
</testsuite>